<?xml version="1.0" encoding="UTF-8"?>
<!-- Generated by org.testng.reporters.JUnitReportReporter -->
<testsuite skipped="0" hostname="PC-PC" name="driverScripts.LoginPage" tests="1" failures="0" timestamp="26 Aug 2019 17:13:04 GMT" time="62.010" errors="0">
  <testcase name="loginAutomate" time="62.010" classname="driverScripts.LoginPage"/>
</testsuite> <!-- driverScripts.LoginPage -->
